Arguments: 
  C:\Program Files\nodejs\node.exe C:\Users\13916\AppData\Roaming\npm\node_modules\yarn\bin\yarn.js

PATH: 
  D:\vm\bin\;C:\Program Files\Common Files\Oracle\Java\javapath;C:\Program Files (x86)\Common Files\Oracle\Java\javapath;C:\windows\system32;C:\windows;C:\windows\System32\Wbem;C:\windows\System32\WindowsPowerShell\v1.0\;C:\windows\System32\OpenSSH\;C:\Program Files (x86)\NVIDIA Corporation\PhysX\Common;C:\Program Files\NVIDIA Corporation\NVIDIA NvDLISR;C:\WINDOWS\system32;C:\WINDOWS;C:\WINDOWS\System32\Wbem;C:\WINDOWS\System32\WindowsPowerShell\v1.0\;C:\WINDOWS\System32\OpenSSH\;D:\Git\cmd;D:\Git\bin;C:\Program Files\nodejs\;C:\Program Files\Java\jdk1.8.0_333\bin;D:\apache-maven-3.8.6\bin;D:\xftp\;D:\cmake\bin;D:\XShell\;C:\Program Files\MySQL\MySQL Server 5.7\bin;D:\xampp\php;C:\Program Files\VisualSVN Server\bin;C:\Program Files\TortoiseSVN\bin;C:\Users\13916\AppData\Local\Microsoft\WindowsApps;C:\Users\13916\AppData\Local\Programs\Microsoft VS Code\bin;C:\Users\13916\AppData\Roaming\npm;E:\QQ游戏\QQGameTempest\Hall.57795\;E:\IDEA 专业版\IntelliJ IDEA 2022.2.1\bin;%MYSQL_HOME

Yarn version: 
  1.22.19

Node version: 
  16.14.2

Platform: 
  win32 x64

Trace: 
  Error: connect ETIMEDOUT 104.16.26.34:443
      at TCPConnectWrap.afterConnect [as oncomplete] (node:net:1157:16)

npm manifest: 
  {
    "name": "arco-design-pro-vue",
    "description": "Arco Design Pro for Vue",
    "version": "1.0.0",
    "private": true,
    "author": "ArcoDesign Team",
    "license": "MIT",
    "scripts": {
      "dev": "vite --config ./config/vite.config.dev.ts",
      "build": "vue-tsc --noEmit && vite build --config ./config/vite.config.prod.ts",
      "report": "cross-env REPORT=true npm run build",
      "preview": "npm run build && vite preview --host",
      "type:check": "vue-tsc --noEmit --skipLibCheck",
      "lint-staged": "npx lint-staged",
      "prepare": "husky install"
    },
    "lint-staged": {
      "*.{js,ts,jsx,tsx}": [
        "prettier --write",
        "eslint --fix"
      ],
      "*.vue": [
        "stylelint --fix",
        "prettier --write",
        "eslint --fix"
      ],
      "*.{less,css}": [
        "stylelint --fix",
        "prettier --write"
      ]
    },
    "dependencies": {
      "@arco-design/web-vue": "^2.44.7",
      "@vueuse/core": "^9.3.0",
      "axios": "^0.24.0",
      "dayjs": "^1.11.5",
      "echarts": "^5.4.0",
      "lodash": "^4.17.21",
      "mitt": "^3.0.0",
      "nprogress": "^0.2.0",
      "pinia": "^2.0.23",
      "query-string": "^8.0.3",
      "sortablejs": "^1.15.0",
      "vue": "^3.2.40",
      "vue-echarts": "^6.2.3",
      "vue-i18n": "^9.2.2",
      "vue-router": "^4.0.14"
    },
    "devDependencies": {
      "@arco-plugins/vite-vue": "^1.4.5",
      "@commitlint/cli": "^17.1.2",
      "@commitlint/config-conventional": "^17.1.0",
      "@types/lodash": "^4.14.186",
      "@types/mockjs": "^1.0.7",
      "@types/nprogress": "^0.2.0",
      "@types/sortablejs": "^1.15.0",
      "@typescript-eslint/eslint-plugin": "^5.40.0",
      "@typescript-eslint/parser": "^5.40.0",
      "@vitejs/plugin-vue": "^3.1.2",
      "@vitejs/plugin-vue-jsx": "^2.0.1",
      "@vue/babel-plugin-jsx": "^1.1.1",
      "consola": "^2.15.3",
      "cross-env": "^7.0.3",
      "eslint": "^8.25.0",
      "eslint-config-airbnb-base": "^15.0.0",
      "eslint-config-prettier": "^8.5.0",
      "eslint-import-resolver-typescript": "^3.5.1",
      "eslint-plugin-import": "^2.26.0",
      "eslint-plugin-prettier": "^4.2.1",
      "eslint-plugin-vue": "^9.6.0",
      "husky": "^8.0.1",
      "less": "^4.1.3",
      "lint-staged": "^13.0.3",
      "mockjs": "^1.1.0",
      "postcss-html": "^1.5.0",
      "prettier": "^2.7.1",
      "rollup": "^3.9.1",
      "rollup-plugin-visualizer": "^5.8.2",
      "stylelint": "^14.13.0",
      "stylelint-config-prettier": "^9.0.3",
      "stylelint-config-rational-order": "^0.1.2",
      "stylelint-config-recommended-vue": "^1.4.0",
      "stylelint-config-standard": "^29.0.0",
      "stylelint-order": "^5.0.0",
      "typescript": "^4.8.4",
      "unplugin-vue-components": "^0.24.1",
      "vite": "^3.2.5",
      "vite-plugin-compression": "^0.5.1",
      "vite-plugin-eslint": "^1.8.1",
      "vite-plugin-imagemin": "^0.6.1",
      "vite-svg-loader": "^3.6.0",
      "vue-tsc": "^1.0.14"
    },
    "engines": {
      "node": ">=14.0.0"
    },
    "resolutions": {
      "bin-wrapper": "npm:bin-wrapper-china",
      "rollup": "^2.56.3",
      "gifsicle": "5.2.0"
    }
  }

yarn manifest: 
  No manifest

Lockfile: 
  No lockfile
